<?xml version="1.0" encoding="UTF-8"?>
<testsuite xmlns:xsi="http://www.w3.org/2001/XMLSchema-instance" xsi:schemaLocation="https://maven.apache.org/surefire/maven-surefire-plugin/xsd/surefire-test-report.xsd" name="TestSuite" time="1,156.805" tests="3" errors="0" skipped="0" failures="0">
  <properties>
    <property name="java.vendor" value="Oracle Corporation"/>
    <property name="JOB_NAME" value="Automation"/>
    <property name="localRepository" value="C:\Users\shubhangi.malavi.ZA\.m2\repository"/>
    <property name="sun.java.launcher" value="SUN_STANDARD"/>
    <property name="windows_tracing_logfile" value="C:\BVTBin\Tests\installpackage\csilogfile.log"/>
    <property name="NUMBER_OF_PROCESSORS" value="4"/>
    <property name="sun.management.compiler" value="HotSpot 64-Bit Tiered Compilers"/>
    <property name="DEFLOGDIR" value="C:\ProgramData\McAfee\DesktopProtection"/>
    <property name="JENKINS_HOME" value="C:\Users\shubhangi.malavi.ZA\.jenkins"/>
    <property name="jnidispatch.path" value="C:\Users\SHUBHA~1.ZA\AppData\Local\Temp\jna--75064587\jna6254746343347457994.dll"/>
    <property name="HUDSON_SERVER_COOKIE" value="ab3060df74dd1207"/>
    <property name="os.name" value="Windows 8.1"/>
    <property name="sun.boot.class.path" value="C:\Program Files\Java\jdk1.8.0_51\jre\lib\resources.jar;C:\Program Files\Java\jdk1.8.0_51\jre\lib\rt.jar;C:\Program Files\Java\jdk1.8.0_51\jre\lib\sunrsasign.jar;C:\Program Files\Java\jdk1.8.0_51\jre\lib\jsse.jar;C:\Program Files\Java\jdk1.8.0_51\jre\lib\jce.jar;C:\Program Files\Java\jdk1.8.0_51\jre\lib\charsets.jar;C:\Program Files\Java\jdk1.8.0_51\jre\lib\jfr.jar;C:\Program Files\Java\jdk1.8.0_51\jre\classes"/>
    <property name="EXECUTOR_NUMBER" value="1"/>
    <property name="sun.desktop" value="windows"/>
    <property name="PATHEXT" value=".COM;.EXE;.BAT;.CMD;.VBS;.VBE;.JS;.JSE;.WSF;.WSH;.MSC"/>
    <property name="java.vm.specification.vendor" value="Oracle Corporation"/>
    <property name="NODE_LABELS" value="master"/>
    <property name="TEMP" value="C:\Users\SHUBHA~1.ZA\AppData\Local\Temp"/>
    <property name="java.runtime.version" value="1.8.0_51-b16"/>
    <property name="user.name" value="Shubhangi.Malavi"/>
    <property name="guice.disable.misplaced.annotation.check" value="true"/>
    <property name="CommonProgramW6432" value="C:\Program Files\Common Files"/>
    <property name="ProgramFiles" value="C:\Program Files"/>
    <property name="PROMPT" value="$P$G"/>
    <property name="user.language" value="en"/>
    <property name="JOB_BASE_NAME" value="Automation"/>
    <property name="BUILD_DISPLAY_NAME" value="#2"/>
    <property name="sun.boot.library.path" value="C:\Program Files\Java\jdk1.8.0_51\jre\bin"/>
    <property name="LOCALAPPDATA" value="C:\Users\shubhangi.malavi.ZA\AppData\Local"/>
    <property name="java.version" value="1.8.0_51"/>
    <property name="PROCESSOR_LEVEL" value="6"/>
    <property name="user.timezone" value="Africa/Harare"/>
    <property name="USERNAME" value="Shubhangi.Malavi"/>
    <property name="sun.arch.data.model" value="64"/>
    <property name="NODE_NAME" value="master"/>
    <property name="java.endorsed.dirs" value="C:\Program Files\Java\jdk1.8.0_51\jre\lib\endorsed"/>
    <property name="BUILD_ID" value="2"/>
    <property name="sun.cpu.isalist" value="amd64"/>
    <property name="sun.jnu.encoding" value="Cp1252"/>
    <property name="file.encoding.pkg" value="sun.io"/>
    <property name="file.separator" value="\"/>
    <property name="java.specification.name" value="Java Platform API Specification"/>
    <property name="HOMEDRIVE" value="C:"/>
    <property name="java.class.version" value="52.0"/>
    <property name="org.slf4j.simpleLogger.defaultLogLevel" value="info"/>
    <property name="user.country" value="US"/>
    <property name="ALLUSERSPROFILE" value="C:\ProgramData"/>
    <property name="java.home" value="C:\Program Files\Java\jdk1.8.0_51\jre"/>
    <property name="java.vm.info" value="mixed mode"/>
    <property name="os.version" value="6.3"/>
    <property name="TMP" value="C:\Users\SHUBHA~1.ZA\AppData\Local\Temp"/>
    <property name="path.separator" value=";"/>
    <property name="java.vm.version" value="25.51-b03"/>
    <property name="user.variant" value=""/>
    <property name="CommonProgramFiles(x86)" value="C:\Program Files (x86)\Common Files"/>
    <property name="USERDOMAIN_ROAMINGPROFILE" value="ZA"/>
    <property name="java.awt.printerjob" value="sun.awt.windows.WPrinterJob"/>
    <property name="FP_NO_HOST_CHECK" value="NO"/>
    <property name="JAVA_HOME" value="C:\Program Files\Java\jdk1.8.0_51"/>
    <property name="sun.io.unicode.encoding" value="UnicodeLittle"/>
    <property name="CommonProgramFiles" value="C:\Program Files\Common Files"/>
    <property name="ComSpec" value="C:\WINDOWS\system32\cmd.exe"/>
    <property name="HOMEPATH" value="\Users\shubhangi.malavi.ZA"/>
    <property name="awt.toolkit" value="sun.awt.windows.WToolkit"/>
    <property name="USERDNSDOMAIN" value="ZA.DS.NASPERS.COM"/>
    <property name="COMPUTERNAME" value="03RNBC-C02375"/>
    <property name="user.script" value=""/>
    <property name="PUBLIC" value="C:\Users\Public"/>
    <property name="user.home" value="C:\Users\shubhangi.malavi.ZA"/>
    <property name="BUILD_TAG" value="jenkins-Automation-2"/>
    <property name="JENKINS_SERVER_COOKIE" value="ab3060df74dd1207"/>
    <property name="HUDSON_URL" value="http://localhost:8080/"/>
    <property name="ProgramData" value="C:\ProgramData"/>
    <property name="java.specification.vendor" value="Oracle Corporation"/>
    <property name="USERPROFILE" value="C:\Users\shubhangi.malavi.ZA"/>
    <property name="CLASSPATH" value=""/>
    <property name="java.vendor.url" value="http://java.oracle.com/"/>
    <property name="java.library.path" value="C:\Program Files\Java\jdk1.8.0_51\bin;C:\WINDOWS\Sun\Java\bin;C:\WINDOWS\system32;C:\WINDOWS;D:\apache-maven-3.3.9/bin;C:\Program Files\Java\jdk1.8.0_51/bin;C:\Program Files\Java\jdk1.8.0_51/bin;D:\oracle\product\10.2.0\client_1\bin;C:\Program Files (x86)\Common Files\Quest Shared\instantclient-basic-nt-12.1.0.2.0;C:\Program Files (x86)\Common Files\Quest Shared\instantclient-basic-nt-12.1.0.2.0;C:\ProgramData\Oracle\Java\javapath;C:\WINDOWS\system32;C:\WINDOWS;C:\WINDOWS\System32\Wbem;C:\WINDOWS\System32\WindowsPowerShell\v1.0\;C:\Program Files (x86)\Skype\Phone\;D:\apache-maven-3.3.9\bin;."/>
    <property name="java.vm.vendor" value="Oracle Corporation"/>
    <property name="APPDATA" value="C:\Users\shubhangi.malavi.ZA\AppData\Roaming"/>
    <property name="java.runtime.name" value="Java(TM) SE Runtime Environment"/>
    <property name="maven.home" value="D:\apache-maven-3.3.9"/>
    <property name="java.class.path" value="C:\Users\shubhangi.malavi.ZA\.jenkins\plugins\maven-plugin\WEB-INF\lib\maven33-agent-1.8.1.jar;D:\apache-maven-3.3.9\boot\plexus-classworlds-2.5.2.jar;D:\apache-maven-3.3.9/conf/logging"/>
    <property name="sun.java.command" value="jenkins.maven3.agent.Maven33Main D:\apache-maven-3.3.9 C:\Users\shubhangi.malavi.ZA\.jenkins\war\WEB-INF\lib\remoting-2.62.jar C:\Users\shubhangi.malavi.ZA\.jenkins\plugins\maven-plugin\WEB-INF\lib\maven33-interceptor-1.8.1.jar C:\Users\shubhangi.malavi.ZA\.jenkins\plugins\maven-plugin\WEB-INF\lib\maven3-interceptor-commons-1.8.1.jar 57833"/>
    <property name="Path" value="C:\Program Files\Java\jdk1.8.0_51/bin;D:\oracle\product\10.2.0\client_1\bin;C:\Program Files (x86)\Common Files\Quest Shared\instantclient-basic-nt-12.1.0.2.0;C:\Program Files (x86)\Common Files\Quest Shared\instantclient-basic-nt-12.1.0.2.0;C:\ProgramData\Oracle\Java\javapath;C:\WINDOWS\system32;C:\WINDOWS;C:\WINDOWS\System32\Wbem;C:\WINDOWS\System32\WindowsPowerShell\v1.0\;C:\Program Files (x86)\Skype\Phone\;D:\apache-maven-3.3.9\bin"/>
    <property name="java.vm.specification.name" value="Java Virtual Machine Specification"/>
    <property name="PROCESSOR_ARCHITECTURE" value="AMD64"/>
    <property name="PATH+JDK" value="C:\Program Files\Java\jdk1.8.0_51/bin"/>
    <property name="PROCESSOR_IDENTIFIER" value="Intel64 Family 6 Model 60 Stepping 3, GenuineIntel"/>
    <property name="SESSIONNAME" value="Console"/>
    <property name="java.vm.specification.version" value="1.8"/>
    <property name="JDK_HOME" value="C:\Program Files\Java\jdk1.8.0_51"/>
    <property name="sun.os.patch.level" value=""/>
    <property name="sun.cpu.endian" value="little"/>
    <property name="M2_HOME" value="D:\apache-maven-3.3.9"/>
    <property name="surefire.test.class.path" value="C:\SeleniumNew_Auto\Mobile\DGMmaven\target\test-classes;C:\SeleniumNew_Auto\Mobile\DGMmaven\target\classes;C:\Users\shubhangi.malavi.ZA\.m2\repository\org\testng\testng\6.8\testng-6.8.jar;C:\Users\shubhangi.malavi.ZA\.m2\repository\junit\junit\4.10\junit-4.10.jar;C:\Users\shubhangi.malavi.ZA\.m2\repository\org\hamcrest\hamcrest-core\1.1\hamcrest-core-1.1.jar;C:\Users\shubhangi.malavi.ZA\.m2\repository\org\beanshell\bsh\2.0b4\bsh-2.0b4.jar;C:\Users\shubhangi.malavi.ZA\.m2\repository\com\beust\jcommander\1.27\jcommander-1.27.jar;C:\Users\shubhangi.malavi.ZA\.m2\repository\org\yaml\snakeyaml\1.6\snakeyaml-1.6.jar;C:\Users\shubhangi.malavi.ZA\.m2\repository\org\seleniumhq\selenium\selenium-java\2.53.1\selenium-java-2.53.1.jar;C:\Users\shubhangi.malavi.ZA\.m2\repository\org\seleniumhq\selenium\selenium-chrome-driver\2.53.1\selenium-chrome-driver-2.53.1.jar;C:\Users\shubhangi.malavi.ZA\.m2\repository\org\seleniumhq\selenium\selenium-remote-driver\2.53.1\selenium-remote-driver-2.53.1.jar;C:\Users\shubhangi.malavi.ZA\.m2\repository\cglib\cglib-nodep\2.1_3\cglib-nodep-2.1_3.jar;C:\Users\shubhangi.malavi.ZA\.m2\repository\com\google\code\gson\gson\2.3.1\gson-2.3.1.jar;C:\Users\shubhangi.malavi.ZA\.m2\repository\org\seleniumhq\selenium\selenium-api\2.53.1\selenium-api-2.53.1.jar;C:\Users\shubhangi.malavi.ZA\.m2\repository\org\apache\httpcomponents\httpclient\4.5.1\httpclient-4.5.1.jar;C:\Users\shubhangi.malavi.ZA\.m2\repository\org\apache\httpcomponents\httpcore\4.4.3\httpcore-4.4.3.jar;C:\Users\shubhangi.malavi.ZA\.m2\repository\com\google\guava\guava\19.0\guava-19.0.jar;C:\Users\shubhangi.malavi.ZA\.m2\repository\org\seleniumhq\selenium\selenium-edge-driver\2.53.1\selenium-edge-driver-2.53.1.jar;C:\Users\shubhangi.malavi.ZA\.m2\repository\commons-io\commons-io\2.4\commons-io-2.4.jar;C:\Users\shubhangi.malavi.ZA\.m2\repository\org\apache\commons\commons-exec\1.3\commons-exec-1.3.jar;C:\Users\shubhangi.malavi.ZA\.m2\repository\org\seleniumhq\selenium\htmlunit-driver\2.21\htmlunit-driver-2.21.jar;C:\Users\shubhangi.malavi.ZA\.m2\repository\net\sourceforge\htmlunit\htmlunit\2.21\htmlunit-2.21.jar;C:\Users\shubhangi.malavi.ZA\.m2\repository\xalan\xalan\2.7.2\xalan-2.7.2.jar;C:\Users\shubhangi.malavi.ZA\.m2\repository\xalan\serializer\2.7.2\serializer-2.7.2.jar;C:\Users\shubhangi.malavi.ZA\.m2\repository\org\apache\commons\commons-lang3\3.4\commons-lang3-3.4.jar;C:\Users\shubhangi.malavi.ZA\.m2\repository\org\apache\httpcomponents\httpmime\4.5.2\httpmime-4.5.2.jar;C:\Users\shubhangi.malavi.ZA\.m2\repository\net\sourceforge\htmlunit\htmlunit-core-js\2.17\htmlunit-core-js-2.17.jar;C:\Users\shubhangi.malavi.ZA\.m2\repository\net\sourceforge\htmlunit\neko-htmlunit\2.21\neko-htmlunit-2.21.jar;C:\Users\shubhangi.malavi.ZA\.m2\repository\xerces\xercesImpl\2.11.0\xercesImpl-2.11.0.jar;C:\Users\shubhangi.malavi.ZA\.m2\repository\xml-apis\xml-apis\1.4.01\xml-apis-1.4.01.jar;C:\Users\shubhangi.malavi.ZA\.m2\repository\net\sourceforge\cssparser\cssparser\0.9.18\cssparser-0.9.18.jar;C:\Users\shubhangi.malavi.ZA\.m2\repository\org\w3c\css\sac\1.3\sac-1.3.jar;C:\Users\shubhangi.malavi.ZA\.m2\repository\commons-logging\commons-logging\1.2\commons-logging-1.2.jar;C:\Users\shubhangi.malavi.ZA\.m2\repository\org\eclipse\jetty\websocket\websocket-client\9.2.15.v20160210\websocket-client-9.2.15.v20160210.jar;C:\Users\shubhangi.malavi.ZA\.m2\repository\org\eclipse\jetty\jetty-util\9.2.15.v20160210\jetty-util-9.2.15.v20160210.jar;C:\Users\shubhangi.malavi.ZA\.m2\repository\org\eclipse\jetty\jetty-io\9.2.15.v20160210\jetty-io-9.2.15.v20160210.jar;C:\Users\shubhangi.malavi.ZA\.m2\repository\org\eclipse\jetty\websocket\websocket-common\9.2.15.v20160210\websocket-common-9.2.15.v20160210.jar;C:\Users\shubhangi.malavi.ZA\.m2\repository\org\eclipse\jetty\websocket\websocket-api\9.2.15.v20160210\websocket-api-9.2.15.v20160210.jar;C:\Users\shubhangi.malavi.ZA\.m2\repository\commons-collections\commons-collections\3.2.2\commons-collections-3.2.2.jar;C:\Users\shubhangi.malavi.ZA\.m2\repository\org\seleniumhq\selenium\selenium-firefox-driver\2.53.1\selenium-firefox-driver-2.53.1.jar;C:\Users\shubhangi.malavi.ZA\.m2\repository\org\seleniumhq\selenium\selenium-ie-driver\2.53.1\selenium-ie-driver-2.53.1.jar;C:\Users\shubhangi.malavi.ZA\.m2\repository\net\java\dev\jna\jna\4.1.0\jna-4.1.0.jar;C:\Users\shubhangi.malavi.ZA\.m2\repository\net\java\dev\jna\jna-platform\4.1.0\jna-platform-4.1.0.jar;C:\Users\shubhangi.malavi.ZA\.m2\repository\org\seleniumhq\selenium\selenium-safari-driver\2.53.1\selenium-safari-driver-2.53.1.jar;C:\Users\shubhangi.malavi.ZA\.m2\repository\io\netty\netty\3.5.7.Final\netty-3.5.7.Final.jar;C:\Users\shubhangi.malavi.ZA\.m2\repository\org\seleniumhq\selenium\selenium-support\2.53.1\selenium-support-2.53.1.jar;C:\Users\shubhangi.malavi.ZA\.m2\repository\org\seleniumhq\selenium\selenium-leg-rc\2.53.1\selenium-leg-rc-2.53.1.jar;C:\Users\shubhangi.malavi.ZA\.m2\repository\com\relevantcodes\extentreports\2.41.1\extentreports-2.41.1.jar;C:\Users\shubhangi.malavi.ZA\.m2\repository\org\jsoup\jsoup\1.8.3\jsoup-1.8.3.jar;C:\Users\shubhangi.malavi.ZA\.m2\repository\org\xerial\sqlite-jdbc\3.8.11.1\sqlite-jdbc-3.8.11.1.jar;C:\Users\shubhangi.malavi.ZA\.m2\repository\org\freemarker\freemarker\2.3.23\freemarker-2.3.23.jar;C:\Users\shubhangi.malavi.ZA\.m2\repository\org\mongodb\mongodb-driver\3.0.4\mongodb-driver-3.0.4.jar;C:\Users\shubhangi.malavi.ZA\.m2\repository\org\mongodb\bson\3.0.4\bson-3.0.4.jar;C:\Users\shubhangi.malavi.ZA\.m2\repository\org\mongodb\mongodb-driver-core\3.0.4\mongodb-driver-core-3.0.4.jar;C:\Users\shubhangi.malavi.ZA\.m2\repository\org\apache\poi\poi-ooxml\3.14\poi-ooxml-3.14.jar;C:\Users\shubhangi.malavi.ZA\.m2\repository\org\apache\poi\poi\3.14\poi-3.14.jar;C:\Users\shubhangi.malavi.ZA\.m2\repository\commons-codec\commons-codec\1.10\commons-codec-1.10.jar;C:\Users\shubhangi.malavi.ZA\.m2\repository\org\apache\poi\poi-ooxml-schemas\3.14\poi-ooxml-schemas-3.14.jar;C:\Users\shubhangi.malavi.ZA\.m2\repository\org\apache\xmlbeans\xmlbeans\2.6.0\xmlbeans-2.6.0.jar;C:\Users\shubhangi.malavi.ZA\.m2\repository\stax\stax-api\1.0.1\stax-api-1.0.1.jar;C:\Users\shubhangi.malavi.ZA\.m2\repository\com\github\virtuald\curvesapi\1.03\curvesapi-1.03.jar;C:\Users\shubhangi.malavi.ZA\.m2\repository\org\apache\maven\surefire\surefire-testng-utils\2.19.1\surefire-testng-utils-2.19.1.jar;C:\Users\shubhangi.malavi.ZA\.m2\repository\org\apache\maven\surefire\surefire-grouper\2.19.1\surefire-grouper-2.19.1.jar;"/>
    <property name="=D:" value="D:\"/>
    <property name="java.io.tmpdir" value="C:\Users\SHUBHA~1.ZA\AppData\Local\Temp\"/>
    <property name="OS" value="Windows_NT"/>
    <property name="HUDSON_HOME" value="C:\Users\shubhangi.malavi.ZA\.jenkins"/>
    <property name="PATH+MAVEN" value="D:\apache-maven-3.3.9/bin"/>
    <property name="ProgramFiles(x86)" value="C:\Program Files (x86)"/>
    <property name="BUILD_URL" value="http://localhost:8080/job/Automation/2/"/>
    <property name="java.vendor.url.bug" value="http://bugreport.sun.com/bugreport/"/>
    <property name="java.awt.graphicsenv" value="sun.awt.Win32GraphicsEnvironment"/>
    <property name="os.arch" value="amd64"/>
    <property name="SystemRoot" value="C:\WINDOWS"/>
    <property name="VSEDEFLOGDIR" value="C:\ProgramData\McAfee\DesktopProtection"/>
    <property name="windows_tracing_flags" value="3"/>
    <property name="java.ext.dirs" value="C:\Program Files\Java\jdk1.8.0_51\jre\lib\ext;C:\WINDOWS\Sun\Java\lib\ext"/>
    <property name="user.dir" value="C:\SeleniumNew_Auto\Mobile\DGMmaven"/>
    <property name="JOB_URL" value="http://localhost:8080/job/Automation/"/>
    <property name="LOGONSERVER" value="\\03RNB-ADS01"/>
    <property name="USERDOMAIN" value="ZA"/>
    <property name="line.separator" value="&#10;"/>
    <property name="MAVEN_HOME" value="D:\apache-maven-3.3.9"/>
    <property name="java.vm.name" value="Java HotSpot(TM) 64-Bit Server VM"/>
    <property name="BUILD_NUMBER" value="2"/>
    <property name="JENKINS_URL" value="http://localhost:8080/"/>
    <property name="PROCESSOR_REVISION" value="3c03"/>
    <property name="UATDATA" value="C:\WINDOWS\CCM\UATData\D9F8C395-CAB8-491d-B8AC-179A1FE1BE77"/>
    <property name="basedir" value="C:\SeleniumNew_Auto\Mobile\DGMmaven"/>
    <property name="ProgramW6432" value="C:\Program Files"/>
    <property name="windir" value="C:\WINDOWS"/>
    <property name="=C:" value="C:\Users\shubhangi.malavi.ZA"/>
    <property name="file.encoding" value="Cp1252"/>
    <property name="SystemDrive" value="C:"/>
    <property name="maven3.interceptor" value="C:\Users\shubhangi.malavi.ZA\.jenkins\plugins\maven-plugin\WEB-INF\lib\maven33-interceptor-1.8.1.jar"/>
    <property name="WORKSPACE" value="C:\Users\shubhangi.malavi.ZA\.jenkins\workspace\Automation"/>
    <property name="maven3.interceptor.common" value="C:\Users\shubhangi.malavi.ZA\.jenkins\plugins\maven-plugin\WEB-INF\lib\maven3-interceptor-commons-1.8.1.jar"/>
    <property name="java.specification.version" value="1.8"/>
    <property name="PSModulePath" value="C:\WINDOWS\system32\WindowsPowerShell\v1.0\Modules\"/>
  </properties>
  <testcase name="signIn" classname="dstv.SignIn" time="19.003"/>
  <testcase name="signIn" classname="dstv.SignIn" time="15.813"/>
  <testcase name="communicationPreferences" classname="dstv.CommunicationPreferences" time="75.658"/>
</testsuite>