<?xml version="1.0" encoding="UTF-8"?>
<!-- Generated by org.testng.reporters.JUnitReportReporter -->
<testsuite hostname="03RNBC-C02375" name="example.NewTest" tests="1" failures="0" timestamp="19 Sep 2016 13:20:46 GMT" time="69.187" errors="0">
  <testcase name="testEasy" time="69.187" classname="example.NewTest"/>
</testsuite> <!-- example.NewTest -->
