<?xml version="1.0" encoding="UTF-8"?>
<!-- Generated by org.testng.reporters.JUnitReportReporter -->
<testsuite hostname="03RNBC-C02375" name="dstv.ClearErrorCode" tests="1" failures="0" timestamp="30 Sep 2016 14:49:10 GMT" time="13.341" errors="0">
  <testcase name="communicationPreferences" time="13.341" classname="dstv.ClearErrorCode"/>
</testsuite> <!-- dstv.ClearErrorCode -->
