<?xml version="1.0" encoding="UTF-8"?>
<!-- Generated by org.testng.reporters.JUnitReportReporter -->
<testsuite hostname="03RNBC-C02375" name="dstv.CommunicationPreferences" tests="1" failures="0" timestamp="25 Oct 2016 12:00:55 GMT" time="32.624" errors="0">
  <testcase name="communicationPreferences" time="32.624" classname="dstv.CommunicationPreferences"/>
</testsuite> <!-- dstv.CommunicationPreferences -->
