<?xml version="1.0" encoding="UTF-8"?>
<!-- Generated by org.testng.reporters.JUnitReportReporter -->
<testsuite hostname="03RNBC-C02375" name="dstv.SignIn" tests="2" failures="0" timestamp="25 Oct 2016 12:00:55 GMT" time="43.387" errors="0">
  <testcase name="signIn" time="14.259" classname="dstv.SignIn"/>
  <testcase name="signIn" time="29.128" classname="dstv.SignIn"/>
</testsuite> <!-- dstv.SignIn -->
