<?xml version="1.0" encoding="UTF-8"?>
<!-- Generated by org.testng.reporters.JUnitReportReporter -->
<testsuite hostname="03RNBC-C02375" name="gotv.Contact" tests="1" failures="0" timestamp="6 Oct 2016 09:29:15 GMT" time="10.411" errors="0">
  <testcase name="contact" time="10.411" classname="gotv.Contact"/>
</testsuite> <!-- gotv.Contact -->
