<?xml version="1.0" encoding="UTF-8"?>
<!-- Generated by org.testng.reporters.JUnitReportReporter -->
<testsuite hostname="03RNBC-C02375" name="gotv.SignIn" tests="2" failures="0" timestamp="6 Oct 2016 09:29:15 GMT" time="50.578" errors="0">
  <testcase name="signIn" time="25.162" classname="gotv.SignIn"/>
  <testcase name="signIn" time="25.416" classname="gotv.SignIn"/>
</testsuite> <!-- gotv.SignIn -->
