<?xml version="1.0" encoding="UTF-8"?>
<!-- Generated by org.testng.reporters.JUnitReportReporter -->
<testsuite hostname="03RNBC-C02375" name="dstv.SignIn" tests="2" failures="0" timestamp="20 Oct 2016 08:26:33 GMT" time="37.217" errors="0">
  <testcase name="signIn" time="20.484" classname="dstv.SignIn"/>
  <testcase name="signIn" time="16.733" classname="dstv.SignIn"/>
</testsuite> <!-- dstv.SignIn -->
