<?xml version="1.0" encoding="UTF-8"?>
<!-- Generated by org.testng.reporters.JUnitReportReporter -->
<testsuite hostname="03RNBC-C02375" name="dstv.CommunicationPreferences" tests="1" failures="0" timestamp="20 Oct 2016 08:26:33 GMT" time="76.896" errors="0">
  <testcase name="communicationPreferences" time="76.896" classname="dstv.CommunicationPreferences"/>
</testsuite> <!-- dstv.CommunicationPreferences -->
